# JRE version: OpenJDK Runtime Environment Temurin-21.0.5+11 (21.0.5+11) (build 21.0.5+11-LTS)
# Java VM: OpenJDK 64-Bit Server VM Temurin-21.0.5+11 (21.0.5+11-LTS, mixed mode, sharing, tiered, compressed oops, compressed class ptrs, g1 gc, windows-amd64)
GC Precious Log:
 CardTable entry size: 512
 Card Set container configuration: InlinePtr #cards 5 size 8 Array Of Cards #cards 12 size 40 Howl #buckets 4 coarsen threshold 1843 Howl Bitmap #cards 512 size 80 coarsen threshold 460 Card regions per heap region 1 cards per card region 2048
 CPUs: 8 total, 8 available
 Memory: 7883M
 Large Page Support: Disabled
 NUMA Support: Disabled
 Compressed Oops: Enabled (32-bit)
 Heap Region Size: 1M
 Heap Min Capacity: 8M
 Heap Initial Capacity: 124M
 Heap Max Capacity: 1972M
 Pre-touch: Disabled
 Parallel Workers: 8
 Concurrent Workers: 2
 Concurrent Refinement Workers: 8
 Periodic GC: Disabled
Heap:
 garbage-first heap   total 34816K, used 13490K [0x0000000084c00000, 0x0000000100000000)
  region size 1024K, 5 young (5120K), 3 survivors (3072K)
 Metaspace       used 27989K, committed 28352K, reserved 1114112K
  class space    used 3385K, committed 3520K, reserved 1048576K
GC Heap History (10 events):
Event: 3.997 GC heap before
{Heap before GC invocations=0 (full 0):
 garbage-first heap   total 126976K, used 22528K [0x0000000084c00000, 0x0000000100000000)
  region size 1024K, 23 young (23552K), 0 survivors (0K)
 Metaspace       used 7396K, committed 7616K, reserved 1114112K
  class space    used 865K, committed 960K, reserved 1048576K
}
Event: 4.004 GC heap after
{Heap after GC invocations=1 (full 0):
 garbage-first heap   total 126976K, used 5088K [0x0000000084c00000, 0x0000000100000000)
  region size 1024K, 3 young (3072K), 3 survivors (3072K)
 Metaspace       used 7396K, committed 7616K, reserved 1114112K
  class space    used 865K, committed 960K, reserved 1048576K
}
Event: 4.320 GC heap before
{Heap before GC invocations=1 (full 0):
 garbage-first heap   total 126976K, used 34784K [0x0000000084c00000, 0x0000000100000000)
  region size 1024K, 33 young (33792K), 3 survivors (3072K)
 Metaspace       used 15284K, committed 15488K, reserved 1114112K
  class space    used 1831K, committed 1920K, reserved 1048576K
}
Event: 4.326 GC heap after
{Heap after GC invocations=2 (full 0):
 garbage-first heap   total 126976K, used 7029K [0x0000000084c00000, 0x0000000100000000)
  region size 1024K, 2 young (2048K), 2 survivors (2048K)
 Metaspace       used 15284K, committed 15488K, reserved 1114112K
  class space    used 1831K, committed 1920K, reserved 1048576K
}
Event: 5.087 GC heap before
{Heap before GC invocations=2 (full 0):
 garbage-first heap   total 126976K, used 35701K [0x0000000084c00000, 0x0000000100000000)
  region size 1024K, 32 young (32768K), 2 survivors (2048K)
 Metaspace       used 21175K, committed 21504K, reserved 1114112K
  class space    used 2583K, committed 2752K, reserved 1048576K
}
Event: 5.094 GC heap after
{Heap after GC invocations=3 (full 0):
 garbage-first heap   total 126976K, used 9957K [0x0000000084c00000, 0x0000000100000000)
  region size 1024K, 5 young (5120K), 5 survivors (5120K)
 Metaspace       used 21175K, committed 21504K, reserved 1114112K
  class space    used 2583K, committed 2752K, reserved 1048576K
}
Event: 5.469 GC heap before
{Heap before GC invocations=4 (full 0):
 garbage-first heap   total 34816K, used 25317K [0x0000000084c00000, 0x0000000100000000)
  region size 1024K, 20 young (20480K), 5 survivors (5120K)
 Metaspace       used 24324K, committed 24640K, reserved 1114112K
  class space    used 2932K, committed 3072K, reserved 1048576K
}
Event: 5.474 GC heap after
{Heap after GC invocations=5 (full 0):
 garbage-first heap   total 34816K, used 11630K [0x0000000084c00000, 0x0000000100000000)
  region size 1024K, 2 young (2048K), 2 survivors (2048K)
 Metaspace       used 24324K, committed 24640K, reserved 1114112K
  class space    used 2932K, committed 3072K, reserved 1048576K
}
Event: 40.964 GC heap before
{Heap before GC invocations=5 (full 0):
 garbage-first heap   total 34816K, used 26990K [0x0000000084c00000, 0x0000000100000000)
  region size 1024K, 18 young (18432K), 2 survivors (2048K)
 Metaspace       used 27449K, committed 27776K, reserved 1114112K
  class space    used 3326K, committed 3456K, reserved 1048576K
}
Event: 40.968 GC heap after
{Heap after GC invocations=6 (full 0):
 garbage-first heap   total 34816K, used 13490K [0x0000000084c00000, 0x0000000100000000)
  region size 1024K, 3 young (3072K), 3 survivors (3072K)
 Metaspace       used 27449K, committed 27776K, reserved 1114112K
  class space    used 3326K, committed 3456K, reserved 1048576K
}

